#
# There is insufficient memory for the Java Runtime Environment to continue.
# Native memory allocation (malloc) failed to allocate 512416 bytes for Chunk::new
# Possible reasons:
#   The system is out of physical RAM or swap space
#   In 32 bit mode, the process size limit was hit
# Possible solutions:
#   Reduce memory load on the system
#   Increase physical memory or swap space
#   Check if swap backing store is full
#   Use 64 bit Java on a 64 bit OS
#   Decrease Java heap size (-Xmx/-Xms)
#   Decrease number of Java threads
#   Decrease Java thread stack sizes (-Xss)
#   Set larger code cache with -XX:ReservedCodeCacheSize=
# This output file may be truncated or incomplete.
#
#  Out of Memory Error (allocation.cpp:390), pid=8404, tid=9420
#
# JRE version: Java(TM) SE Runtime Environment (8.0_40-b26) (build 1.8.0_40-b26)
# Java VM: Java HotSpot(TM) 64-Bit Server VM (25.40-b25 mixed mode windows-amd64 compressed oops)
# Failed to write core dump. Minidumps are not enabled by default on client versions of Windows
#

---------------  T H R E A D  ---------------

Current thread (0x0000000055099000):  JavaThread "C2 CompilerThread0" daemon [_thread_in_native, id=9420, stack(0x0000000056600000,0x0000000056700000)]

Stack: [0x0000000056600000,0x0000000056700000]
[error occurred during error reporting (printing stack bounds), id 0xc0000005]

Native frames: (J=compiled Java code, j=interpreted, Vv=VM code, C=native code)
V  [jvm.dll+0x32b47a]
V  [jvm.dll+0x2797f3]
V  [jvm.dll+0x27a489]
V  [jvm.dll+0x293406]
V  [jvm.dll+0x297d5c]
V  [jvm.dll+0x5ca83f]
C  [msvcr100.dll+0x712e3]
V  [jvm.dll+0x5c9f3d]
C  [ntdll.dll+0x2812d]
C  [ntdll.dll+0x1855f]
C  [ntdll.dll+0x4bcb8]
V  [jvm.dll+0x21bc71]


Current CompileTask:
C2:   2442 1237       4       com.android.dx.ssa.LiteralOpUpgrader::tryReplacingWithConstant (161 bytes)


---------------  P R O C E S S  ---------------

Java Threads: ( => current thread )
  0x0000000056461000 JavaThread "pool-1-thread-4" [_thread_blocked, id=9588, stack(0x0000000057c20000,0x0000000057d20000)]
  0x000000005645c000 JavaThread "pool-1-thread-3" [_thread_blocked, id=9584, stack(0x0000000057b10000,0x0000000057c10000)]
  0x000000005645a800 JavaThread "pool-1-thread-2" [_thread_blocked, id=9580, stack(0x00000000579e0000,0x0000000057ae0000)]
  0x0000000056456000 JavaThread "pool-2-thread-1" [_thread_blocked, id=9560, stack(0x00000000120e0000,0x00000000121e0000)]
  0x000000005644e800 JavaThread "pool-1-thread-1" [_thread_blocked, id=9556, stack(0x00000000578c0000,0x00000000579c0000)]
  0x0000000056228000 JavaThread "Service Thread" daemon [_thread_blocked, id=9468, stack(0x0000000056da0000,0x0000000056ea0000)]
  0x00000000561b6000 JavaThread "C1 CompilerThread2" daemon [_thread_blocked, id=9440, stack(0x0000000056b90000,0x0000000056c90000)]
  0x000000005509d000 JavaThread "C2 CompilerThread1" daemon [_thread_in_native, id=9428, stack(0x00000000569e0000,0x0000000056ae0000)]
=>0x0000000055099000 JavaThread "C2 CompilerThread0" daemon [_thread_in_native, id=9420, stack(0x0000000056600000,0x0000000056700000)]
  0x0000000055096000 JavaThread "Attach Listener" daemon [_thread_blocked, id=9416, stack(0x00000000568a0000,0x00000000569a0000)]
  0x0000000055095000 JavaThread "Signal Dispatcher" daemon [_thread_blocked, id=9412, stack(0x0000000056730000,0x0000000056830000)]
  0x000000005503b000 JavaThread "Finalizer" daemon [_thread_blocked, id=9392, stack(0x0000000056080000,0x0000000056180000)]
  0x0000000055034000 JavaThread "Reference Handler" daemon [_thread_blocked, id=9380, stack(0x0000000055f40000,0x0000000056040000)]
  0x000000000220f000 JavaThread "main" [_thread_blocked, id=9280, stack(0x0000000002510000,0x0000000002610000)]

Other Threads:
  0x000000005502a800 VMThread [stack: 0x0000000055d60000,0x0000000055e60000] [id=9364]
  0x0000000056233000 WatcherThread [stack: 0x0000000056ea0000,0x0000000056fa0000] [id=9476]

VM state:not at safepoint (normal execution)

VM Mutex/Monitor currently owned by a thread: None

Heap:
 PSYoungGen      total 38400K, used 37009K [0x00000000eab00000, 0x00000000ed580000, 0x0000000100000000)
  eden space 33280K, 95% used [0x00000000eab00000,0x00000000eca25040,0x00000000ecb80000)
  from space 5120K, 99% used [0x00000000ecb80000,0x00000000ed07f6f8,0x00000000ed080000)
  to   space 5120K, 0% used [0x00000000ed080000,0x00000000ed080000,0x00000000ed580000)
 ParOldGen       total 87552K, used 1418K [0x00000000c0000000, 0x00000000c5580000, 0x00000000eab00000)
  object space 87552K, 1% used [0x00000000c0000000,0x00000000c01629a8,0x00000000c5580000)
 Metaspace       used 6050K, capacity 7024K, committed 7296K, reserved 1056768K
  class space    used 588K, capacity 616K, committed 640K, reserved 1048576K

Card table byte_map: [0x00000000119d0000,0x0000000011be0000] byte_map_base: 0x00000000113d0000

Marking Bits: (ParMarkBitMap*) 0x0000000070254040
 Begin Bits: [0x00000000124a0000, 0x00000000134a0000)
 End Bits:   [0x00000000134a0000, 0x00000000144a0000)

Polling page: 0x0000000000110000

CodeCache: size=245760Kb used=6226Kb max_used=6246Kb free=239533Kb
 bounds [0x0000000002610000, 0x0000000002c30000, 0x0000000011610000]
 total_blobs=1769 nmethods=1498 adapters=184
 compilation: enabled

Compilation events (10 events):
Event: 2.066 Thread 0x0000000055099000 nmethod 1282 0x0000000002bd5a90 code [0x0000000002bd5fe0, 0x0000000002bdb320]
Event: 2.066 Thread 0x0000000055099000 1488       4       com.android.dx.rop.code.RopMethod::labelToPredecessors (54 bytes)
Event: 2.098 Thread 0x0000000055099000 nmethod 1488 0x0000000002bd0290 code [0x0000000002bd0480, 0x0000000002bd19d8]
Event: 2.098 Thread 0x0000000055099000 1477       4       java.util.HashMap::put (13 bytes)
Event: 2.104 Thread 0x0000000055099000 nmethod 1477 0x0000000002bcf250 code [0x0000000002bcf400, 0x0000000002bcfbd8]
Event: 2.104 Thread 0x0000000055099000 1472       4       com.android.dx.ssa.SCCP::addBlockToWorklist (47 bytes)
Event: 2.111 Thread 0x0000000055099000 nmethod 1472 0x0000000002be4e90 code [0x0000000002be5020, 0x0000000002be58a8]
Event: 2.111 Thread 0x0000000055099000 1471       4       com.android.dx.ssa.SsaRenamer$BlockRenamer::processResultReg (56 bytes)
Event: 2.112 Thread 0x0000000055099000 nmethod 1471 0x0000000002bd3dd0 code [0x0000000002bd3f20, 0x0000000002bd4058]
Event: 2.112 Thread 0x0000000055099000 1237       4       com.android.dx.ssa.LiteralOpUpgrader::tryReplacingWithConstant (161 bytes)

GC Heap History (2 events):
Event: 1.267 GC heap before
{Heap before GC invocations=1 (full 0):
 PSYoungGen      total 38400K, used 33280K [0x00000000eab00000, 0x00000000ed580000, 0x0000000100000000)
  eden space 33280K, 100% used [0x00000000eab00000,0x00000000ecb80000,0x00000000ecb80000)
  from space 5120K, 0% used [0x00000000ed080000,0x00000000ed080000,0x00000000ed580000)
  to   space 5120K, 0% used [0x00000000ecb80000,0x00000000ecb80000,0x00000000ed080000)
 ParOldGen       total 87552K, used 0K [0x00000000c0000000, 0x00000000c5580000, 0x00000000eab00000)
  object space 87552K, 0% used [0x00000000c0000000,0x00000000c0000000,0x00000000c5580000)
 Metaspace       used 5917K, capacity 6960K, committed 7040K, reserved 1056768K
  class space    used 587K, capacity 616K, committed 640K, reserved 1048576K
Event: 1.705 GC heap after
Heap after GC invocations=1 (full 0):
 PSYoungGen      total 38400K, used 5117K [0x00000000eab00000, 0x00000000ed580000, 0x0000000100000000)
  eden space 33280K, 0% used [0x00000000eab00000,0x00000000eab00000,0x00000000ecb80000)
  from space 5120K, 99% used [0x00000000ecb80000,0x00000000ed07f6f8,0x00000000ed080000)
  to   space 5120K, 0% used [0x00000000ed080000,0x00000000ed080000,0x00000000ed580000)
 ParOldGen       total 87552K, used 1418K [0x00000000c0000000, 0x00000000c5580000, 0x00000000eab00000)
  object space 87552K, 1% used [0x00000000c0000000,0x00000000c01629a8,0x00000000c5580000)
 Metaspace       used 5917K, capacity 6960K, committed 7040K, reserved 1056768K
  class space    used 587K, capacity 616K, committed 640K, reserved 1048576K
}

Deoptimization events (10 events):
Event: 1.035 Thread 0x0000000056461000 Uncommon trap: reason=bimorphic action=maybe_recompile pc=0x00000000028a89a8 method=java.util.HashMap.getNode(ILjava/lang/Object;)Ljava/util/HashMap$Node; @ 126
Event: 1.035 Thread 0x0000000056461000 Uncommon trap: reason=bimorphic action=maybe_recompile pc=0x00000000028a89a8 method=java.util.HashMap.getNode(ILjava/lang/Object;)Ljava/util/HashMap$Node; @ 126
Event: 1.035 Thread 0x0000000056461000 Uncommon trap: reason=bimorphic action=maybe_recompile pc=0x00000000028a89a8 method=java.util.HashMap.getNode(ILjava/lang/Object;)Ljava/util/HashMap$Node; @ 126
Event: 1.035 Thread 0x0000000056461000 Uncommon trap: reason=bimorphic action=maybe_recompile pc=0x000000000282004c method=java.util.HashMap.getNode(ILjava/lang/Object;)Ljava/util/HashMap$Node; @ 126
Event: 1.159 Thread 0x0000000056461000 Uncommon trap: reason=class_check action=maybe_recompile pc=0x000000000291f520 method=com.android.dx.rop.type.Type.equals(Ljava/lang/Object;)Z @ 8
Event: 1.778 Thread 0x000000005645a800 Uncommon trap: reason=unstable_if action=reinterpret pc=0x00000000029d1f64 method=com.android.dx.rop.code.LocalItem.hashCode()I @ 25
Event: 1.779 Thread 0x000000005645a800 Uncommon trap: reason=unstable_if action=reinterpret pc=0x00000000028da11c method=com.android.dx.rop.code.LocalItem.hashCode()I @ 25
Event: 1.795 Thread 0x000000005645a800 Uncommon trap: reason=class_check action=maybe_recompile pc=0x000000000291f520 method=com.android.dx.rop.type.Type.equals(Ljava/lang/Object;)Z @ 8
Event: 1.797 Thread 0x000000005645a800 Uncommon trap: reason=unstable_if action=reinterpret pc=0x0000000002b95dc8 method=com.android.dx.ssa.LiteralOpUpgrader$1.visitNonMoveInsn(Lcom/android/dx/ssa/NormalSsaInsn;)V @ 55
Event: 1.798 Thread 0x000000005645a800 Uncommon trap: reason=unstable_if action=reinterpret pc=0x0000000002a5458c method=com.android.dx.ssa.SsaMethod.updateOneDefinition(Lcom/android/dx/ssa/SsaInsn;Lcom/android/dx/rop/code/RegisterSpec;)V @ 4

Internal exceptions (2 events):
Event: 0.053 Thread 0x000000000220f000 Exception <a 'java/lang/NoSuchMethodError': Method sun.misc.Unsafe.defineClass(Ljava/lang/String;[BII)Ljava/lang/Class; name or signature does not match> (0x00000000eab12f10) thrown at [D:\re\workspace\8-2-build-windows-amd64-cygwin\jdk8u40\3098\hotspot\sr;”ßZ«?
Event: 0.053 Thread 0x000000000220f000 Exception <a 'java/lang/NoSuchMethodError': Method sun.misc.Unsafe.prefetchRead(Ljava/lang/Object;J)V name or signature does not match> (0x00000000eab131a0) thrown at [D:\re\workspace\8-2-build-windows-amd64-cygwin\jdk8u40\3098\hotspot\src\share\vm\prims\j

Events (10 events):
Event: 1.795 Thread 0x000000005645a800 DEOPT PACKING pc=0x000000000291f520 sp=0x0000000057ade990
Event: 1.795 Thread 0x000000005645a800 DEOPT UNPACKING pc=0x000000000265582a sp=0x0000000057ade928 mode 2
Event: 1.797 Thread 0x000000005645a800 Uncommon trap: trap_request=0xffffff65 fr.pc=0x0000000002b95dc8
Event: 1.797 Thread 0x000000005645a800 DEOPT PACKING pc=0x0000000002b95dc8 sp=0x0000000057aded70
Event: 1.797 Thread 0x000000005645a800 DEOPT UNPACKING pc=0x000000000265582a sp=0x0000000057aded90 mode 2
Event: 1.797 loading class com/android/dx/rop/code/RegOps
Event: 1.797 loading class com/android/dx/rop/code/RegOps done
Event: 1.798 Thread 0x000000005645a800 Uncommon trap: trap_request=0xffffff65 fr.pc=0x0000000002a5458c
Event: 1.798 Thread 0x000000005645a800 DEOPT PACKING pc=0x0000000002a5458c sp=0x0000000057adebf0
Event: 1.798 Thread 0x000000005645a800 DEOPT UNPACKING pc=0x000000000265582a sp=0x0000000057adeb98 mode 2


Dynamic libraries:
0x000000013fc30000 - 0x000000013fc67000 	E:\jdk1.8.0_40\bin\java.exe
0x00000000779d0000 - 0x0000000077b7a000 	C:\windows\SYSTEM32\ntdll.dll
0x00000000777b0000 - 0x00000000778cf000 	C:\windows\system32\kernel32.dll
0x000007fefdba0000 - 0x000007fefdc0a000 	C:\windows\system32\KERNELBASE.dll
0x000007feff590000 - 0x000007feff66b000 	C:\windows\system32\ADVAPI32.dll
0x000007fefe560000 - 0x000007fefe5ff000 	C:\windows\system32\msvcrt.dll
0x000007feff6c0000 - 0x000007feff6df000 	C:\windows\SYSTEM32\sechost.dll
0x000007feff9a0000 - 0x000007feffacd000 	C:\windows\system32\RPCRT4.dll
0x00000000778d0000 - 0x00000000779ca000 	C:\windows\system32\USER32.dll
0x000007fefe4f0000 - 0x000007fefe557000 	C:\windows\system32\GDI32.dll
0x000007feffcd0000 - 0x000007feffcde000 	C:\windows\system32\LPK.dll
0x000007fefe420000 - 0x000007fefe4ea000 	C:\windows\system32\USP10.dll
0x000007fefc0d0000 - 0x000007fefc2c4000 	C:\windows\WinSxS\amd64_microsoft.windows.common-controls_6595b64144ccf1df_6.0.7601.18837_none_fa3b1e3d17594757\COMCTL32.dll
0x000007feffc50000 - 0x000007feffcc1000 	C:\windows\system32\SHLWAPI.dll
0x000007fefdfb0000 - 0x000007fefdfde000 	C:\windows\system32\IMM32.DLL
0x000007fefdfe0000 - 0x000007fefe0e9000 	C:\windows\system32\MSCTF.dll
0x0000000079160000 - 0x0000000079232000 	E:\jdk1.8.0_40\jre\bin\msvcr100.dll
0x000000006fa50000 - 0x00000000702d3000 	E:\jdk1.8.0_40\jre\bin\server\jvm.dll
0x000007fef2170000 - 0x000007fef2179000 	C:\windows\system32\WSOCK32.dll
0x000007feff670000 - 0x000007feff6bd000 	C:\windows\system32\WS2_32.dll
0x000007fefe370000 - 0x000007fefe378000 	C:\windows\system32\NSI.dll
0x000007fefb850000 - 0x000007fefb88b000 	C:\windows\system32\WINMM.dll
0x000007fefca10000 - 0x000007fefca1c000 	C:\windows\system32\VERSION.dll
0x0000000077ba0000 - 0x0000000077ba7000 	C:\windows\system32\PSAPI.DLL
0x00000000738f0000 - 0x00000000738ff000 	E:\jdk1.8.0_40\jre\bin\verify.dll
0x000000006a650000 - 0x000000006a679000 	E:\jdk1.8.0_40\jre\bin\java.dll
0x000000006f520000 - 0x000000006f536000 	E:\jdk1.8.0_40\jre\bin\zip.dll
0x000007fefe600000 - 0x000007feff389000 	C:\windows\system32\SHELL32.dll
0x000007feff390000 - 0x000007feff58c000 	C:\windows\system32\ole32.dll
0x000007fefd8e0000 - 0x000007fefd8ef000 	C:\windows\system32\profapi.dll
0x000007fee6dd0000 - 0x000007fee6ef5000 	C:\windows\system32\dbghelp.dll

VM Arguments:
jvm_args: -Djava.awt.headless=true -Xmx1024M -Dfile.encoding=GBK -Duser.country=CN -Duser.language=zh -Duser.variant 
java_command: com.android.dx.command.Main --dex --num-threads=4 --output D:\lyvnkmrdchnkmxdp\android\app\build\intermediates\pre-dexed\debug\com.android.support-support-v4-23.0.1_a385f16b07f7d5d38090e019c73bc64765126e3d.jar D:\lyvnkmrdchnkmxdp\android\app\build\intermediates\exploded-aar\com.android.support\support-v4\23.0.1\jars\classes.jar
java_class_path (initial): E:\sdk\sdk\build-tools\23.0.1\lib\dx.jar
Launcher Type: SUN_STANDARD

Environment Variables:
JAVA_HOME=E:\jdk1.8.0_40
CLASSPATH=D:\lyvnkmrdchnkmxdp\android\\gradle\wrapper\gradle-wrapper.jar
PATH=C:\Python27\;C:\Python27\Scripts;D:\android-ndk-r10d;E:\jdk1.8.0_40\bin;E:\jdk1.8.0_40\jre\bin;C:\windows\system32;C:\windows;C:\windows\System32\Wbem;C:\windows\System32\WindowsPowerShell\v1.0\;C:\Program Files (x86)\Common Files\microsoft shared\TigerKin;E:\android-studio\gradle\gradle-2.2.1\lib;E:\sdk\sdk\platform-tools;E:\sdk\sdk\platform-tools;D:\as\gradle\gradle-2.10\bin;C:\ProgramData\chocolatey\bin;E:\sdk\sdk\tools;E:\sdk\sdk\platform-tools;E:\Brackets\command;D:\tortorserGit\bin;E:\Git\cmd;C:\Program Files\nodejs\;C:\Users\admin\AppData\Roaming\npm
USERNAME=admin
OS=Windows_NT
PROCESSOR_IDENTIFIER=Intel64 Family 6 Model 60 Stepping 3, GenuineIntel



---------------  S Y S T E M  ---------------

OS: Windows 7 , 64 bit Build 7601 (6.1.7601.23796)

CPU:total 4 (4 cores per cpu, 1 threads per core) family 6 model 60 stepping 3, cmov, cx8, fxsr, mmx, sse, sse2, sse3, ssse3, sse4.1, sse4.2, popcnt, avx, avx2, aes, clmul, erms, lzcnt, tsc, tscinvbit, bmi1, bmi2

Memory: 4k page, physical 8286584k(397652k free), swap 9529908k(61304k free)

vm_info: Java HotSpot(TM) 64-Bit Server VM (25.40-b25) for windows-amd64 JRE (1.8.0_40-b26), built on Mar  7 2015 13:51:59 by "java_re" with MS VC++ 10.0 (VS2010)

time: Mon Nov 13 10:22:59 2017
elapsed time: 2 seconds (0d 0h 0m 2s)

