#
# There is insufficient memory for the Java Runtime Environment to continue.
# Native memory allocation (malloc) failed to allocate 427568 bytes for Chunk::new
# Possible reasons:
#   The system is out of physical RAM or swap space
#   In 32 bit mode, the process size limit was hit
# Possible solutions:
#   Reduce memory load on the system
#   Increase physical memory or swap space
#   Check if swap backing store is full
#   Use 64 bit Java on a 64 bit OS
#   Decrease Java heap size (-Xmx/-Xms)
#   Decrease number of Java threads
#   Decrease Java thread stack sizes (-Xss)
#   Set larger code cache with -XX:ReservedCodeCacheSize=
# This output file may be truncated or incomplete.
#
#  Out of Memory Error (allocation.cpp:390), pid=10624, tid=10792
#
# JRE version: Java(TM) SE Runtime Environment (8.0_40-b26) (build 1.8.0_40-b26)
# Java VM: Java HotSpot(TM) 64-Bit Server VM (25.40-b25 mixed mode windows-amd64 compressed oops)
# Failed to write core dump. Minidumps are not enabled by default on client versions of Windows
#

---------------  T H R E A D  ---------------

Current thread (0x0000000055fd0800):  JavaThread "C2 CompilerThread1" daemon [_thread_in_native, id=10792, stack(0x00000000567d0000,0x00000000568d0000)]

Stack: [0x00000000567d0000,0x00000000568d0000]
Native frames: (J=compiled Java code, j=interpreted, Vv=VM code, C=native code)
V  [jvm.dll+0x32b47a]
V  [jvm.dll+0x2797f3]
V  [jvm.dll+0x27a489]
V  [jvm.dll+0x2717a5]
V  [jvm.dll+0xcb9a2]
V  [jvm.dll+0xcbe6c]
V  [jvm.dll+0x464332]
V  [jvm.dll+0x4d9420]
V  [jvm.dll+0x4dc038]
V  [jvm.dll+0x46a551]
V  [jvm.dll+0x46cd52]
V  [jvm.dll+0x4500d2]
V  [jvm.dll+0xa4312]
V  [jvm.dll+0xa4c4f]
V  [jvm.dll+0x241914]
V  [jvm.dll+0x29848a]
C  [msvcr100.dll+0x21d9f]
C  [msvcr100.dll+0x21e3b]
C  [kernel32.dll+0x159cd]
C  [ntdll.dll+0x2a561]


Current CompileTask:
C2:   4996 1103       4       com.android.dx.merge.DexMerger::transformMethods (126 bytes)


---------------  P R O C E S S  ---------------

Java Threads: ( => current thread )
  0x00000000020ff000 JavaThread "DestroyJavaVM" [_thread_blocked, id=2340, stack(0x0000000002330000,0x0000000002430000)]
  0x000000005604f800 JavaThread "Service Thread" daemon [_thread_blocked, id=10764, stack(0x0000000056cb0000,0x0000000056db0000)]
  0x0000000055fd9800 JavaThread "C1 CompilerThread2" daemon [_thread_blocked, id=5312, stack(0x0000000056aa0000,0x0000000056ba0000)]
=>0x0000000055fd0800 JavaThread "C2 CompilerThread1" daemon [_thread_in_native, id=10792, stack(0x00000000567d0000,0x00000000568d0000)]
  0x0000000055fc5000 JavaThread "C2 CompilerThread0" daemon [_thread_blocked, id=10720, stack(0x0000000056620000,0x0000000056720000)]
  0x0000000055fb9000 JavaThread "Attach Listener" daemon [_thread_blocked, id=7260, stack(0x0000000056410000,0x0000000056510000)]
  0x0000000055fb8800 JavaThread "Signal Dispatcher" daemon [_thread_blocked, id=8104, stack(0x0000000056510000,0x0000000056610000)]
  0x0000000054bc9000 JavaThread "Finalizer" daemon [_thread_blocked, id=6516, stack(0x0000000055cf0000,0x0000000055df0000)]
  0x0000000054bc2000 JavaThread "Reference Handler" daemon [_thread_blocked, id=6692, stack(0x0000000055eb0000,0x0000000055fb0000)]

Other Threads:
  0x0000000054bbd000 VMThread [stack: 0x0000000055bd0000,0x0000000055cd0000] [id=10488]
  0x0000000056058000 WatcherThread [stack: 0x0000000056e90000,0x0000000056f90000] [id=1384]

VM state:not at safepoint (normal execution)

VM Mutex/Monitor currently owned by a thread: None

Heap:
 PSYoungGen      total 120320K, used 97909K [0x00000000eab00000, 0x00000000f3400000, 0x0000000100000000)
  eden space 100352K, 79% used [0x00000000eab00000,0x00000000ef8accc8,0x00000000f0d00000)
  from space 19968K, 91% used [0x00000000f0d00000,0x00000000f1ef07d8,0x00000000f2080000)
  to   space 19456K, 0% used [0x00000000f2100000,0x00000000f2100000,0x00000000f3400000)
 ParOldGen       total 87552K, used 66712K [0x00000000c0000000, 0x00000000c5580000, 0x00000000eab00000)
  object space 87552K, 76% used [0x00000000c0000000,0x00000000c4126138,0x00000000c5580000)
 Metaspace       used 5276K, capacity 5608K, committed 5760K, reserved 1056768K
  class space    used 564K, capacity 595K, committed 640K, reserved 1048576K

Card table byte_map: [0x00000000117f0000,0x0000000011a00000] byte_map_base: 0x00000000111f0000

Marking Bits: (ParMarkBitMap*) 0x00000000700f4040
 Begin Bits: [0x0000000012030000, 0x0000000013030000)
 End Bits:   [0x0000000013030000, 0x0000000014030000)

Polling page: 0x0000000000210000

CodeCache: size=245760Kb used=4140Kb max_used=4153Kb free=241619Kb
 bounds [0x0000000002430000, 0x0000000002850000, 0x0000000011430000]
 total_blobs=1486 nmethods=1204 adapters=195
 compilation: enabled

Compilation events (10 events):
Event: 2.458 Thread 0x0000000055fc5000 nmethod 1012 0x00000000027c1910 code [0x00000000027c1a80, 0x00000000027c1f38]
Event: 2.458 Thread 0x0000000055fc5000 1120       4       com.android.dx.merge.IndexMap::adjustTypeList (58 bytes)
Event: 2.461 Thread 0x0000000055fc5000 nmethod 1120 0x00000000027c6910 code [0x00000000027c6a60, 0x00000000027c6d98]
Event: 2.461 Thread 0x0000000055fc5000 1125       4       com.android.dex.EncodedValueCodec::readUnsignedInt (86 bytes)
Event: 2.464 Thread 0x0000000055fd9800 1126       2       com.android.dex.EncodedValueReader::readByte (23 bytes)
Event: 2.464 Thread 0x0000000055fd9800 nmethod 1126 0x00000000027c9310 code [0x00000000027c9480, 0x00000000027c9638]
Event: 2.464 Thread 0x0000000055fd9800 1127       2       com.android.dex.EncodedValueReader::readLong (23 bytes)
Event: 2.464 Thread 0x0000000055fd9800 nmethod 1127 0x00000000027c8f50 code [0x00000000027c90c0, 0x00000000027c9278]
Event: 2.468 Thread 0x0000000055fc5000 nmethod 1125 0x00000000027c86d0 code [0x00000000027c8820, 0x00000000027c8d98]
Event: 2.468 Thread 0x0000000055fc5000 1122       4       com.android.dex.Dex$Section::writeTypeList (50 bytes)

GC Heap History (10 events):
Event: 2.019 GC heap before
{Heap before GC invocations=2 (full 0):
 PSYoungGen      total 38400K, used 38392K [0x00000000eab00000, 0x00000000ed580000, 0x0000000100000000)
  eden space 33280K, 100% used [0x00000000eab00000,0x00000000ecb80000,0x00000000ecb80000)
  from space 5120K, 99% used [0x00000000ecb80000,0x00000000ed07e260,0x00000000ed080000)
  to   space 5120K, 0% used [0x00000000ed080000,0x00000000ed080000,0x00000000ed580000)
 ParOldGen       total 87552K, used 4026K [0x00000000c0000000, 0x00000000c5580000, 0x00000000eab00000)
  object space 87552K, 4% used [0x00000000c0000000,0x00000000c03eea68,0x00000000c5580000)
 Metaspace       used 5185K, capacity 5608K, committed 5760K, reserved 1056768K
  class space    used 562K, capacity 595K, committed 640K, reserved 1048576K
Event: 2.033 GC heap after
Heap after GC invocations=2 (full 0):
 PSYoungGen      total 38400K, used 5097K [0x00000000eab00000, 0x00000000ef600000, 0x0000000100000000)
  eden space 33280K, 0% used [0x00000000eab00000,0x00000000eab00000,0x00000000ecb80000)
  from space 5120K, 99% used [0x00000000ed080000,0x00000000ed57a638,0x00000000ed580000)
  to   space 5120K, 0% used [0x00000000ecb80000,0x00000000ecb80000,0x00000000ed080000)
 ParOldGen       total 87552K, used 6291K [0x00000000c0000000, 0x00000000c5580000, 0x00000000eab00000)
  object space 87552K, 7% used [0x00000000c0000000,0x00000000c0624e60,0x00000000c5580000)
 Metaspace       used 5185K, capacity 5608K, committed 5760K, reserved 1056768K
  class space    used 562K, capacity 595K, committed 640K, reserved 1048576K
}
Event: 2.110 GC heap before
{Heap before GC invocations=3 (full 0):
 PSYoungGen      total 38400K, used 38377K [0x00000000eab00000, 0x00000000ef600000, 0x0000000100000000)
  eden space 33280K, 100% used [0x00000000eab00000,0x00000000ecb80000,0x00000000ecb80000)
  from space 5120K, 99% used [0x00000000ed080000,0x00000000ed57a638,0x00000000ed580000)
  to   space 5120K, 0% used [0x00000000ecb80000,0x00000000ecb80000,0x00000000ed080000)
 ParOldGen       total 87552K, used 6291K [0x00000000c0000000, 0x00000000c5580000, 0x00000000eab00000)
  object space 87552K, 7% used [0x00000000c0000000,0x00000000c0624e60,0x00000000c5580000)
 Metaspace       used 5216K, capacity 5608K, committed 5760K, reserved 1056768K
  class space    used 562K, capacity 595K, committed 640K, reserved 1048576K
Event: 2.113 GC heap after
Heap after GC invocations=3 (full 0):
 PSYoungGen      total 38400K, used 5097K [0x00000000eab00000, 0x00000000ef600000, 0x0000000100000000)
  eden space 33280K, 0% used [0x00000000eab00000,0x00000000eab00000,0x00000000ecb80000)
  from space 5120K, 99% used [0x00000000ecb80000,0x00000000ed07a638,0x00000000ed080000)
  to   space 5120K, 0% used [0x00000000ef100000,0x00000000ef100000,0x00000000ef600000)
 ParOldGen       total 87552K, used 10423K [0x00000000c0000000, 0x00000000c5580000, 0x00000000eab00000)
  object space 87552K, 11% used [0x00000000c0000000,0x00000000c0a2dce8,0x00000000c5580000)
 Metaspace       used 5216K, capacity 5608K, committed 5760K, reserved 1056768K
  class space    used 562K, capacity 595K, committed 640K, reserved 1048576K
}
Event: 2.182 GC heap before
{Heap before GC invocations=4 (full 0):
 PSYoungGen      total 38400K, used 38377K [0x00000000eab00000, 0x00000000ef600000, 0x0000000100000000)
  eden space 33280K, 100% used [0x00000000eab00000,0x00000000ecb80000,0x00000000ecb80000)
  from space 5120K, 99% used [0x00000000ecb80000,0x00000000ed07a638,0x00000000ed080000)
  to   space 5120K, 0% used [0x00000000ef100000,0x00000000ef100000,0x00000000ef600000)
 ParOldGen       total 87552K, used 10423K [0x00000000c0000000, 0x00000000c5580000, 0x00000000eab00000)
  object space 87552K, 11% used [0x00000000c0000000,0x00000000c0a2dce8,0x00000000c5580000)
 Metaspace       used 5231K, capacity 5608K, committed 5760K, reserved 1056768K
  class space    used 562K, capacity 595K, committed 640K, reserved 1048576K
Event: 2.203 GC heap after
Heap after GC invocations=4 (full 0):
 PSYoungGen      total 71680K, used 5097K [0x00000000eab00000, 0x00000000ef600000, 0x0000000100000000)
  eden space 66560K, 0% used [0x00000000eab00000,0x00000000eab00000,0x00000000eec00000)
  from space 5120K, 99% used [0x00000000ef100000,0x00000000ef5fa638,0x00000000ef600000)
  to   space 5120K, 0% used [0x00000000eec00000,0x00000000eec00000,0x00000000ef100000)
 ParOldGen       total 87552K, used 22942K [0x00000000c0000000, 0x00000000c5580000, 0x00000000eab00000)
  object space 87552K, 26% used [0x00000000c0000000,0x00000000c1667bf8,0x00000000c5580000)
 Metaspace       used 5231K, capacity 5608K, committed 5760K, reserved 1056768K
  class space    used 562K, capacity 595K, committed 640K, reserved 1048576K
}
Event: 2.337 GC heap before
{Heap before GC invocations=5 (full 0):
 PSYoungGen      total 71680K, used 71657K [0x00000000eab00000, 0x00000000ef600000, 0x0000000100000000)
  eden space 66560K, 100% used [0x00000000eab00000,0x00000000eec00000,0x00000000eec00000)
  from space 5120K, 99% used [0x00000000ef100000,0x00000000ef5fa638,0x00000000ef600000)
  to   space 5120K, 0% used [0x00000000eec00000,0x00000000eec00000,0x00000000ef100000)
 ParOldGen       total 87552K, used 22942K [0x00000000c0000000, 0x00000000c5580000, 0x00000000eab00000)
  object space 87552K, 26% used [0x00000000c0000000,0x00000000c1667bf8,0x00000000c5580000)
 Metaspace       used 5251K, capacity 5608K, committed 5760K, reserved 1056768K
  class space    used 562K, capacity 595K, committed 640K, reserved 1048576K
Event: 2.358 GC heap after
Heap after GC invocations=5 (full 0):
 PSYoungGen      total 71680K, used 5101K [0x00000000eab00000, 0x00000000ef600000, 0x0000000100000000)
  eden space 66560K, 0% used [0x00000000eab00000,0x00000000eab00000,0x00000000eec00000)
  from space 5120K, 99% used [0x00000000eec00000,0x00000000ef0fb440,0x00000000ef100000)
  to   space 5120K, 0% used [0x00000000ef100000,0x00000000ef100000,0x00000000ef600000)
 ParOldGen       total 87552K, used 35840K [0x00000000c0000000, 0x00000000c5580000, 0x00000000eab00000)
  object space 87552K, 40% used [0x00000000c0000000,0x00000000c2300130,0x00000000c5580000)
 Metaspace       used 5251K, capacity 5608K, committed 5760K, reserved 1056768K
  class space    used 562K, capacity 595K, committed 640K, reserved 1048576K
}
Event: 2.470 GC heap before
{Heap before GC invocations=6 (full 0):
 PSYoungGen      total 71680K, used 71661K [0x00000000eab00000, 0x00000000ef600000, 0x0000000100000000)
  eden space 66560K, 100% used [0x00000000eab00000,0x00000000eec00000,0x00000000eec00000)
  from space 5120K, 99% used [0x00000000eec00000,0x00000000ef0fb440,0x00000000ef100000)
  to   space 5120K, 0% used [0x00000000ef100000,0x00000000ef100000,0x00000000ef600000)
 ParOldGen       total 87552K, used 35840K [0x00000000c0000000, 0x00000000c5580000, 0x00000000eab00000)
  object space 87552K, 40% used [0x00000000c0000000,0x00000000c2300130,0x00000000c5580000)
 Metaspace       used 5257K, capacity 5608K, committed 5760K, reserved 1056768K
  class space    used 562K, capacity 595K, committed 640K, reserved 1048576K
Event: 2.492 GC heap after
Heap after GC invocations=6 (full 0):
 PSYoungGen      total 55296K, used 4150K [0x00000000eab00000, 0x00000000f5700000, 0x0000000100000000)
  eden space 50176K, 0% used [0x00000000eab00000,0x00000000eab00000,0x00000000edc00000)
  from space 5120K, 81% used [0x00000000ef100000,0x00000000ef50d8d8,0x00000000ef600000)
  to   space 21504K, 0% used [0x00000000edc00000,0x00000000edc00000,0x00000000ef100000)
 ParOldGen       total 87552K, used 52215K [0x00000000c0000000, 0x00000000c5580000, 0x00000000eab00000)
  object space 87552K, 59% used [0x00000000c0000000,0x00000000c32fdc70,0x00000000c5580000)
 Metaspace       used 5257K, capacity 5608K, committed 5760K, reserved 1056768K
  class space    used 562K, capacity 595K, committed 640K, reserved 1048576K
}

Deoptimization events (10 events):
Event: 1.793 Thread 0x00000000020ff000 Uncommon trap: reason=unstable_if action=reinterpret pc=0x00000000025a9c44 method=java.lang.String.indexOf(II)I @ 49
Event: 1.882 Thread 0x00000000020ff000 Uncommon trap: reason=unstable_if action=reinterpret pc=0x0000000002633304 method=com.android.dex.Mutf8.decode(Lcom/android/dex/util/ByteInput;[C)Ljava/lang/String; @ 37
Event: 1.882 Thread 0x00000000020ff000 Uncommon trap: reason=unstable_if action=reinterpret pc=0x000000000262e104 method=com.android.dex.Mutf8.countBytes(Ljava/lang/String;Z)J @ 35
Event: 1.882 Thread 0x00000000020ff000 Uncommon trap: reason=unstable_if action=reinterpret pc=0x000000000263c7d8 method=com.android.dex.Mutf8.encode([BILjava/lang/String;)V @ 31
Event: 1.886 Thread 0x00000000020ff000 Uncommon trap: reason=predicate action=maybe_recompile pc=0x0000000002665810 method=com.android.dex.Leb128.readUnsignedLeb128(Lcom/android/dex/util/ByteInput;)I @ 41
Event: 2.090 Thread 0x00000000020ff000 Uncommon trap: reason=unstable_if action=reinterpret pc=0x0000000002713a60 method=com.android.dex.EncodedValueCodec.readUnsignedInt(Lcom/android/dex/util/ByteInput;IZ)I @ 3
Event: 2.394 Thread 0x00000000020ff000 Uncommon trap: reason=unstable_if action=reinterpret pc=0x00000000027042e4 method=com.android.dex.Mutf8.countBytes(Ljava/lang/String;Z)J @ 28
Event: 2.394 Thread 0x00000000020ff000 Uncommon trap: reason=unstable_if action=reinterpret pc=0x000000000268f51c method=com.android.dex.Mutf8.encode([BILjava/lang/String;)V @ 24
Event: 2.394 Thread 0x00000000020ff000 Uncommon trap: reason=unstable_if action=reinterpret pc=0x000000000270a998 method=com.android.dex.Mutf8.countBytes(Ljava/lang/String;Z)J @ 28
Event: 2.394 Thread 0x00000000020ff000 Uncommon trap: reason=unstable_if action=reinterpret pc=0x000000000267ed88 method=com.android.dex.Mutf8.countBytes(Ljava/lang/String;Z)J @ 28

Internal exceptions (6 events):
Event: 0.095 Thread 0x00000000020ff000 Exception <a 'java/lang/NoSuchMethodError': Method sun.misc.Unsafe.defineClass(Ljava/lang/String;[BII)Ljava/lang/Class; name or signature does not match> (0x00000000eab12f10) thrown at [D:\re\workspace\8-2-build-windows-amd64-cygwin\jdk8u40\3098\hotspot\srÄÁà&PZ¸?
Event: 0.095 Thread 0x00000000020ff000 Exception <a 'java/lang/NoSuchMethodError': Method sun.misc.Unsafe.prefetchRead(Ljava/lang/Object;J)V name or signature does not match> (0x00000000eab131a0) thrown at [D:\re\workspace\8-2-build-windows-amd64-cygwin\jdk8u40\3098\hotspot\src\share\vm\prims\jn»T?¹Ôü?
Event: 1.802 Thread 0x00000000020ff000 Exception <a 'java/security/PrivilegedActionException'> (0x00000000ec480bf0) thrown at [D:\re\workspace\8-2-build-windows-amd64-cygwin\jdk8u40\3098\hotspot\src\share\vm\prims\jvm.cpp, line 1382]
Event: 1.802 Thread 0x00000000020ff000 Exception <a 'java/security/PrivilegedActionException'> (0x00000000ec480f38) thrown at [D:\re\workspace\8-2-build-windows-amd64-cygwin\jdk8u40\3098\hotspot\src\share\vm\prims\jvm.cpp, line 1382]
Event: 1.802 Thread 0x00000000020ff000 Exception <a 'java/security/PrivilegedActionException'> (0x00000000ec483570) thrown at [D:\re\workspace\8-2-build-windows-amd64-cygwin\jdk8u40\3098\hotspot\src\share\vm\prims\jvm.cpp, line 1382]
Event: 1.802 Thread 0x00000000020ff000 Exception <a 'java/security/PrivilegedActionException'> (0x00000000ec4838b8) thrown at [D:\re\workspace\8-2-build-windows-amd64-cygwin\jdk8u40\3098\hotspot\src\share\vm\prims\jvm.cpp, line 1382]

Events (10 events):
Event: 2.396 Thread 0x00000000020ff000 DEOPT PACKING pc=0x0000000002799f57 sp=0x000000000242f250
Event: 2.396 Thread 0x00000000020ff000 DEOPT UNPACKING pc=0x000000000247787f sp=0x000000000242ef98 mode 0
Event: 2.396 Thread 0x00000000020ff000 DEOPT PACKING pc=0x0000000002799623 sp=0x000000000242f240
Event: 2.396 Thread 0x00000000020ff000 DEOPT UNPACKING pc=0x000000000247787f sp=0x000000000242efa0 mode 0
Event: 2.396 Thread 0x00000000020ff000 DEOPT PACKING pc=0x0000000002799f57 sp=0x000000000242f250
Event: 2.396 Thread 0x00000000020ff000 DEOPT UNPACKING pc=0x000000000247787f sp=0x000000000242ef98 mode 0
Event: 2.417 Thread 0x00000000020ff000 DEOPT PACKING pc=0x000000000272f4bf sp=0x000000000242f1b0
Event: 2.417 Thread 0x00000000020ff000 DEOPT UNPACKING pc=0x000000000247787f sp=0x000000000242ef00 mode 0
Event: 2.470 Executing VM operation: ParallelGCFailedAllocation
Event: 2.492 Executing VM operation: ParallelGCFailedAllocation done


Dynamic libraries:
0x000000013fbc0000 - 0x000000013fbf7000 	E:\jdk1.8.0_40\bin\java.exe
0x0000000076e60000 - 0x000000007700a000 	C:\windows\SYSTEM32\ntdll.dll
0x0000000076d40000 - 0x0000000076e5f000 	C:\windows\system32\kernel32.dll
0x000007fefcfa0000 - 0x000007fefd00a000 	C:\windows\system32\KERNELBASE.dll
0x000007fefed00000 - 0x000007fefeddb000 	C:\windows\system32\ADVAPI32.dll
0x000007fefd540000 - 0x000007fefd5df000 	C:\windows\system32\msvcrt.dll
0x000007feff150000 - 0x000007feff16f000 	C:\windows\SYSTEM32\sechost.dll
0x000007fefd190000 - 0x000007fefd2bd000 	C:\windows\system32\RPCRT4.dll
0x0000000076c40000 - 0x0000000076d3a000 	C:\windows\system32\USER32.dll
0x000007feff0e0000 - 0x000007feff147000 	C:\windows\system32\GDI32.dll
0x000007fefd180000 - 0x000007fefd18e000 	C:\windows\system32\LPK.dll
0x000007fefe5a0000 - 0x000007fefe66a000 	C:\windows\system32\USP10.dll
0x000007fefb5a0000 - 0x000007fefb794000 	C:\windows\WinSxS\amd64_microsoft.windows.common-controls_6595b64144ccf1df_6.0.7601.18837_none_fa3b1e3d17594757\COMCTL32.dll
0x000007fefd2e0000 - 0x000007fefd351000 	C:\windows\system32\SHLWAPI.dll
0x000007fefd5e0000 - 0x000007fefd60e000 	C:\windows\system32\IMM32.DLL
0x000007fefd610000 - 0x000007fefd719000 	C:\windows\system32\MSCTF.dll
0x000000006b6b0000 - 0x000000006b782000 	E:\jdk1.8.0_40\jre\bin\msvcr100.dll
0x000000006f8f0000 - 0x0000000070173000 	E:\jdk1.8.0_40\jre\bin\server\jvm.dll
0x000007feed670000 - 0x000007feed679000 	C:\windows\system32\WSOCK32.dll
0x000007fefe550000 - 0x000007fefe59d000 	C:\windows\system32\WS2_32.dll
0x000007fefecf0000 - 0x000007fefecf8000 	C:\windows\system32\NSI.dll
0x000007fefb010000 - 0x000007fefb04b000 	C:\windows\system32\WINMM.dll
0x000007fefbea0000 - 0x000007fefbeac000 	C:\windows\system32\VERSION.dll
0x0000000077030000 - 0x0000000077037000 	C:\windows\system32\PSAPI.DLL
0x000000006e4e0000 - 0x000000006e4ef000 	E:\jdk1.8.0_40\jre\bin\verify.dll
0x000000006bf70000 - 0x000000006bf99000 	E:\jdk1.8.0_40\jre\bin\java.dll
0x000000006bf50000 - 0x000000006bf66000 	E:\jdk1.8.0_40\jre\bin\zip.dll
0x000007fefd720000 - 0x000007fefe4a9000 	C:\windows\system32\SHELL32.dll
0x000007fefeee0000 - 0x000007feff0dc000 	C:\windows\system32\ole32.dll
0x000007fefcd70000 - 0x000007fefcd7f000 	C:\windows\system32\profapi.dll
0x000007fef0190000 - 0x000007fef02b5000 	C:\windows\system32\dbghelp.dll

VM Arguments:
jvm_args: -Djava.awt.headless=true -Xmx1024M -Dfile.encoding=GBK -Duser.country=CN -Duser.language=zh -Duser.variant 
java_command: com.android.dx.command.Main --dex --num-threads=4 --output D:\lyvnkmrdchnkmxdp\android\app\build\intermediates\transforms\dex\debug\folders\1000\1f\main D:\lyvnkmrdchnkmxdp\android\app\build\intermediates\pre-dexed\debug\javax.inject-1_ab8e85cd040423e014120a13864462a72566a41f.jar D:\lyvnkmrdchnkmxdp\android\app\build\intermediates\pre-dexed\debug\staticlayout-proxy-1.0_48ba7d6dd2b8b7e2d1cca85d6f0a0914342f486e.jar D:\lyvnkmrdchnkmxdp\android\app\build\intermediates\pre-dexed\debug\infer-annotations-4.0_b757d64de4ba58077edc9d56d9ecbbea5cd9fe4b.jar D:\lyvnkmrdchnkmxdp\android\app\build\intermediates\pre-dexed\debug\support-annotations-23.0.1_d04d1e4be3e337e3bebe27466386e23cc0ac33ba.jar D:\lyvnkmrdchnkmxdp\android\app\build\intermediates\pre-dexed\debug\sunmiscan_8d9916380ddb4df3a37bb13ce62b0bdef2e74eb5.jar D:\lyvnkmrdchnkmxdp\android\app\build\intermediates\pre-dexed\debug\com.facebook.fresco-imagepipeline-okhttp3-1.0.1_f125f75e66a8cc436d3559e76fd9a47fd76077d9.jar D:\lyvnkmrdchnkmxdp\android\app\build\intermediates\pre-dexed\debug\myproject-react-native-datetime-unspecified_3f9d1acf8ff7b9caaf2b193e69f67d742c9ea0c9.jar D:\lyvnkmrdchnkmxdp\android\app\build\intermediates\pre-dexed\debug\com.facebook.fresco-fresco-1.0.1_9d3d7467b5a64adeb021f4cebafd11c479be7f82.jar D:\lyvnkmrdchnkmxdp\android\app\build\intermediates\pre-dexed\debug\com.facebook.fbui.textlayoutbuilder-textlayoutbuilder-1.0.0_ed7a6c9e0a6399deef02b005abb366af094e1c90.jar D:\lyvnkmrdchnkmxdp\android\app\build\intermediates\pre-dexed\debug\myproject-react-native-fs-unspecified_181891f87891f6898454a2d698a7fec261bf067b.jar D:\lyvnkmrdchnkmxdp\android\app\build\intermediates\pre-dexed\debug\myproject-react-native-sqlite-storage-unspecified_338a4b1f33f2b194f9b463a083b73cfa9faaee31.jar D:\lyvnkmrdchnkmxdp\android\app\build\intermediates\pre-dexed\debug\bolts-tasks-1.4.0_f2f3e4097c997d33921ea4a923e1e4387b8330c1.jar D:\lyvnkmrdchnkmxdp\android\app\build\intermediates\pre-dexed\debug\okhttp-urlconnectio
java_class_path (initial): E:\sdk\sdk\build-tools\23.0.1\lib\dx.jar
Launcher Type: SUN_STANDARD

Environment Variables:
JAVA_HOME=E:\jdk1.8.0_40
CLASSPATH=D:\lyvnkmrdchnkmxdp\android\\gradle\wrapper\gradle-wrapper.jar
PATH=C:\Python27\;C:\Python27\Scripts;D:\android-ndk-r10d;E:\jdk1.8.0_40\bin;E:\jdk1.8.0_40\jre\bin;C:\windows\system32;C:\windows;C:\windows\System32\Wbem;C:\windows\System32\WindowsPowerShell\v1.0\;C:\Program Files (x86)\Common Files\microsoft shared\TigerKin;E:\android-studio\gradle\gradle-2.2.1\lib;E:\sdk\sdk\platform-tools;E:\sdk\sdk\platform-tools;D:\as\gradle\gradle-2.10\bin;C:\ProgramData\chocolatey\bin;E:\sdk\sdk\tools;E:\sdk\sdk\platform-tools;E:\Brackets\command;D:\tortorserGit\bin;E:\Git\cmd;C:\Program Files\nodejs\;C:\Users\admin\AppData\Roaming\npm
USERNAME=admin
OS=Windows_NT
PROCESSOR_IDENTIFIER=Intel64 Family 6 Model 60 Stepping 3, GenuineIntel



---------------  S Y S T E M  ---------------

OS: Windows 7 , 64 bit Build 7601 (6.1.7601.23796)

CPU:total 4 (4 cores per cpu, 1 threads per core) family 6 model 60 stepping 3, cmov, cx8, fxsr, mmx, sse, sse2, sse3, ssse3, sse4.1, sse4.2, popcnt, avx, avx2, aes, clmul, erms, lzcnt, tsc, tscinvbit, bmi1, bmi2

Memory: 4k page, physical 8286584k(489044k free), swap 10381876k(47112k free)

vm_info: Java HotSpot(TM) 64-Bit Server VM (25.40-b25) for windows-amd64 JRE (1.8.0_40-b26), built on Mar  7 2015 13:51:59 by "java_re" with MS VC++ 10.0 (VS2010)

time: Wed Dec 06 16:56:09 2017
elapsed time: 5 seconds (0d 0h 0m 5s)

